<?xml version="1.0" encoding="UTF-8"?>
<testsuite name="de.tomgrill.gdxtesting.Tools.CustomCameraTests" tests="2" skipped="0" failures="0" errors="0" timestamp="2021-02-08T19:05:50" hostname="Xie_Long_Wu" time="0.004">
  <properties/>
  <testcase name="followTest" classname="de.tomgrill.gdxtesting.Tools.CustomCameraTests" time="0.003"/>
  <testcase name="emptyTest" classname="de.tomgrill.gdxtesting.Tools.CustomCameraTests" time="0.001"/>
  <system-out><![CDATA[]]></system-out>
  <system-err><![CDATA[]]></system-err>
</testsuite>
