<?xml version="1.0" encoding="UTF-8"?>
<testsuite name="de.tomgrill.gdxtesting.Sprites.Pathfinding.NPCAIBehaviourTests" tests="5" skipped="0" failures="0" errors="0" timestamp="2021-02-08T19:05:49" hostname="Xie_Long_Wu" time="0.017">
  <properties/>
  <testcase name="activateAbilityTest" classname="de.tomgrill.gdxtesting.Sprites.Pathfinding.NPCAIBehaviourTests" time="0.002"/>
  <testcase name="emptyTest" classname="de.tomgrill.gdxtesting.Sprites.Pathfinding.NPCAIBehaviourTests" time="0.001"/>
  <testcase name="decreaseInfiltratorSpeedTest" classname="de.tomgrill.gdxtesting.Sprites.Pathfinding.NPCAIBehaviourTests" time="0.004"/>
  <testcase name="moveTest" classname="de.tomgrill.gdxtesting.Sprites.Pathfinding.NPCAIBehaviourTests" time="0.003"/>
  <testcase name="increaseInfiltratorSpeedTest" classname="de.tomgrill.gdxtesting.Sprites.Pathfinding.NPCAIBehaviourTests" time="0.002"/>
  <system-out><![CDATA[]]></system-out>
  <system-err><![CDATA[]]></system-err>
</testsuite>
