<?xml version="1.0" encoding="UTF-8"?>
<testsuite name="de.tomgrill.gdxtesting.UnitTestExample" tests="1" skipped="0" failures="0" errors="0" timestamp="2021-02-05T22:31:33" hostname="Xie_Long_Wu" time="0.001">
  <properties/>
  <testcase name="oneEqualsOne" classname="de.tomgrill.gdxtesting.UnitTestExample" time="0.001"/>
  <system-out><![CDATA[]]></system-out>
  <system-err><![CDATA[]]></system-err>
</testsuite>
