<?xml version="1.0" encoding="UTF-8"?>
<testsuite name="de.tomgrill.gdxtesting.Sprites.Health.HealthTests" tests="2" skipped="0" failures="0" errors="0" timestamp="2021-02-07T20:39:28" hostname="Xie_Long_Wu" time="0.016">
  <properties/>
  <testcase name="emptyTest" classname="de.tomgrill.gdxtesting.Sprites.Health.HealthTests" time="0.001"/>
  <testcase name="setHealthTest" classname="de.tomgrill.gdxtesting.Sprites.Health.HealthTests" time="0.0"/>
  <system-out><![CDATA[]]></system-out>
  <system-err><![CDATA[]]></system-err>
</testsuite>
