<?xml version="1.0" encoding="UTF-8"?>
<testsuite name="de.tomgrill.gdxtesting.Sprites.Collisions.CharacterColliderTests" tests="1" skipped="0" failures="0" errors="0" timestamp="2021-02-06T14:31:10" hostname="Lionel" time="0.017">
  <properties/>
  <testcase name="defineColliderCheck" classname="de.tomgrill.gdxtesting.Sprites.Collisions.CharacterColliderTests" time="0.017"/>
  <system-out><![CDATA[]]></system-out>
  <system-err><![CDATA[]]></system-err>
</testsuite>
