<?xml version="1.0" encoding="UTF-8"?>
<testsuite name="de.tomgrill.gdxtesting.Environment.SystemCheckerTest" tests="1" skipped="0" failures="0" errors="0" timestamp="2021-02-05T17:44:55" hostname="Lionel" time="0.001">
  <properties/>
  <testcase name="breakSystemTest" classname="de.tomgrill.gdxtesting.Environment.SystemCheckerTest" time="0.001"/>
  <system-out><![CDATA[]]></system-out>
  <system-err><![CDATA[]]></system-err>
</testsuite>
