<?xml version="1.0" encoding="UTF-8"?>
<testsuite name="de.tomgrill.gdxtesting.AssetTests" tests="1" skipped="0" failures="0" errors="0" timestamp="2021-01-30T14:46:33" hostname="Lionel" time="0.002">
  <properties/>
  <testcase name="TileSetTsxExists" classname="de.tomgrill.gdxtesting.AssetTests" time="0.002"/>
  <system-out><![CDATA[]]></system-out>
  <system-err><![CDATA[]]></system-err>
</testsuite>
