<?xml version="1.0" encoding="UTF-8"?>
<testsuite name="de.tomgrill.gdxtesting.Screens.MainMenuScreenTests" tests="1" skipped="0" failures="0" errors="0" timestamp="2021-02-05T18:16:29" hostname="Lionel" time="0.002">
  <properties/>
  <testcase name="loadTest" classname="de.tomgrill.gdxtesting.Screens.MainMenuScreenTests" time="0.002"/>
  <system-out><![CDATA[]]></system-out>
  <system-err><![CDATA[]]></system-err>
</testsuite>
