<?xml version="1.0" encoding="UTF-8"?>
<testsuite name="de.tomgrill.gdxtesting.Tools.GameControllerTests" tests="8" skipped="0" failures="0" errors="0" timestamp="2021-02-08T19:05:50" hostname="Xie_Long_Wu" time="0.01">
  <properties/>
  <testcase name="getBrigTest" classname="de.tomgrill.gdxtesting.Tools.GameControllerTests" time="0.002"/>
  <testcase name="emptyTest" classname="de.tomgrill.gdxtesting.Tools.GameControllerTests" time="0.0"/>
  <testcase name="updateTrapStateTest" classname="de.tomgrill.gdxtesting.Tools.GameControllerTests" time="0.001"/>
  <testcase name="getNoNPCsTest" classname="de.tomgrill.gdxtesting.Tools.GameControllerTests" time="0.001"/>
  <testcase name="getSystemCheckerTest" classname="de.tomgrill.gdxtesting.Tools.GameControllerTests" time="0.0"/>
  <testcase name="getTeleportersTest" classname="de.tomgrill.gdxtesting.Tools.GameControllerTests" time="0.0"/>
  <testcase name="getNoInfiltrators" classname="de.tomgrill.gdxtesting.Tools.GameControllerTests" time="0.001"/>
  <testcase name="getPlayerTest" classname="de.tomgrill.gdxtesting.Tools.GameControllerTests" time="0.001"/>
  <system-out><![CDATA[]]></system-out>
  <system-err><![CDATA[]]></system-err>
</testsuite>
