<?xml version="1.0" encoding="UTF-8"?>
<testsuite name="de.tomgrill.gdxtesting.Sprites.Pathfinding.TrapTests" tests="4" skipped="0" failures="0" errors="0" timestamp="2021-02-08T19:05:49" hostname="Xie_Long_Wu" time="0.012">
  <properties/>
  <testcase name="alertTest" classname="de.tomgrill.gdxtesting.Sprites.Pathfinding.TrapTests" time="0.009"/>
  <testcase name="emptyTest" classname="de.tomgrill.gdxtesting.Sprites.Pathfinding.TrapTests" time="0.0"/>
  <testcase name="resetAlertTest" classname="de.tomgrill.gdxtesting.Sprites.Pathfinding.TrapTests" time="0.001"/>
  <testcase name="getSkinTest" classname="de.tomgrill.gdxtesting.Sprites.Pathfinding.TrapTests" time="0.001"/>
  <system-out><![CDATA[]]></system-out>
  <system-err><![CDATA[]]></system-err>
</testsuite>
