<?xml version="1.0" encoding="UTF-8"?>
<testsuite name="de.tomgrill.gdxtesting.Environment.BasicBrigTest" tests="2" skipped="0" failures="0" errors="0" timestamp="2021-02-04T11:12:47" hostname="Palamedes" time="0.026">
  <properties/>
  <testcase name="initialPrisonerTest" classname="de.tomgrill.gdxtesting.Environment.BasicBrigTest" time="0.004"/>
  <testcase name="finalPrisonerTest" classname="de.tomgrill.gdxtesting.Environment.BasicBrigTest" time="0.001"/>
  <system-out><![CDATA[]]></system-out>
  <system-err><![CDATA[]]></system-err>
</testsuite>
