<?xml version="1.0" encoding="UTF-8"?>
<testsuite name="de.tomgrill.gdxtesting.Sprites.Health.HealthTest" tests="2" skipped="0" failures="0" errors="0" timestamp="2021-02-05T22:11:12" hostname="Xie_Long_Wu" time="0.068">
  <properties/>
  <testcase name="emptyTest" classname="de.tomgrill.gdxtesting.Sprites.Health.HealthTest" time="0.05"/>
  <testcase name="setHealthTest" classname="de.tomgrill.gdxtesting.Sprites.Health.HealthTest" time="0.0"/>
  <system-out><![CDATA[]]></system-out>
  <system-err><![CDATA[]]></system-err>
</testsuite>
