<?xml version="1.0" encoding="UTF-8"?>
<testsuite name="de.tomgrill.gdxtesting.Environment.BasicBrigTest" tests="2" skipped="0" failures="0" errors="0" timestamp="2021-02-05T17:18:07" hostname="Lionel" time="0.001">
  <properties/>
  <testcase name="initialPrisonerTest" classname="de.tomgrill.gdxtesting.Environment.BasicBrigTest" time="0.001"/>
  <testcase name="finalPrisonerTest" classname="de.tomgrill.gdxtesting.Environment.BasicBrigTest" time="0.0"/>
  <system-out><![CDATA[]]></system-out>
  <system-err><![CDATA[]]></system-err>
</testsuite>
