<?xml version="1.0" encoding="UTF-8"?>
<testsuite name="de.tomgrill.gdxtesting.Sprites.Health.HealthTest" tests="2" skipped="0" failures="0" errors="0" timestamp="2021-02-05T21:47:56" hostname="Lionel" time="0.031">
  <properties/>
  <testcase name="emptyTest" classname="de.tomgrill.gdxtesting.Sprites.Health.HealthTest" time="0.001"/>
  <testcase name="setHealthTest" classname="de.tomgrill.gdxtesting.Sprites.Health.HealthTest" time="0.014"/>
  <system-out><![CDATA[]]></system-out>
  <system-err><![CDATA[]]></system-err>
</testsuite>
