<?xml version="1.0" encoding="UTF-8"?>
<testsuite name="de.tomgrill.gdxtesting.AssetTests" tests="38" skipped="0" failures="0" errors="0" timestamp="2021-02-07T20:39:26" hostname="Xie_Long_Wu" time="0.644">
  <properties/>
  <testcase name="ExitOnExists" classname="de.tomgrill.gdxtesting.AssetTests" time="0.005"/>
  <testcase name="CursorExists" classname="de.tomgrill.gdxtesting.AssetTests" time="0.001"/>
  <testcase name="HardOnExists" classname="de.tomgrill.gdxtesting.AssetTests" time="0.001"/>
  <testcase name="EasyOnExists" classname="de.tomgrill.gdxtesting.AssetTests" time="0.0"/>
  <testcase name="MusicExists" classname="de.tomgrill.gdxtesting.AssetTests" time="0.0"/>
  <testcase name="MapExists" classname="de.tomgrill.gdxtesting.AssetTests" time="0.0"/>
  <testcase name="LoadOnExists" classname="de.tomgrill.gdxtesting.AssetTests" time="0.001"/>
  <testcase name="LevelOnExists" classname="de.tomgrill.gdxtesting.AssetTests" time="0.001"/>
  <testcase name="LoadOffExists" classname="de.tomgrill.gdxtesting.AssetTests" time="0.0"/>
  <testcase name="MissionFailedExists" classname="de.tomgrill.gdxtesting.AssetTests" time="0.0"/>
  <testcase name="TileSetTsxExists" classname="de.tomgrill.gdxtesting.AssetTests" time="0.0"/>
  <testcase name="BackOffExists" classname="de.tomgrill.gdxtesting.AssetTests" time="0.0"/>
  <testcase name="SoundClickExits" classname="de.tomgrill.gdxtesting.AssetTests" time="0.0"/>
  <testcase name="TileSetTwoPngExists" classname="de.tomgrill.gdxtesting.AssetTests" time="0.0"/>
  <testcase name="SoundWrongExists" classname="de.tomgrill.gdxtesting.AssetTests" time="0.0"/>
  <testcase name="TextureAtlasExists" classname="de.tomgrill.gdxtesting.AssetTests" time="0.001"/>
  <testcase name="MissionCompleteExists" classname="de.tomgrill.gdxtesting.AssetTests" time="0.0"/>
  <testcase name="NewOnExists" classname="de.tomgrill.gdxtesting.AssetTests" time="0.0"/>
  <testcase name="SaveOffExists" classname="de.tomgrill.gdxtesting.AssetTests" time="0.0"/>
  <testcase name="SoundPassExists" classname="de.tomgrill.gdxtesting.AssetTests" time="0.0"/>
  <testcase name="TileMapTmxExists" classname="de.tomgrill.gdxtesting.AssetTests" time="0.0"/>
  <testcase name="MenuOnExists" classname="de.tomgrill.gdxtesting.AssetTests" time="0.0"/>
  <testcase name="MenuOffExists" classname="de.tomgrill.gdxtesting.AssetTests" time="0.0"/>
  <testcase name="PlayOnExists" classname="de.tomgrill.gdxtesting.AssetTests" time="0.0"/>
  <testcase name="PauseMenuExists" classname="de.tomgrill.gdxtesting.AssetTests" time="0.001"/>
  <testcase name="MedOffExists" classname="de.tomgrill.gdxtesting.AssetTests" time="0.0"/>
  <testcase name="LevelOffExists" classname="de.tomgrill.gdxtesting.AssetTests" time="0.0"/>
  <testcase name="EasyOffExists" classname="de.tomgrill.gdxtesting.AssetTests" time="0.001"/>
  <testcase name="SaveOnExists" classname="de.tomgrill.gdxtesting.AssetTests" time="0.0"/>
  <testcase name="NewOffExists" classname="de.tomgrill.gdxtesting.AssetTests" time="0.001"/>
  <testcase name="MedOnExists" classname="de.tomgrill.gdxtesting.AssetTests" time="0.0"/>
  <testcase name="TexturePngExists" classname="de.tomgrill.gdxtesting.AssetTests" time="0.001"/>
  <testcase name="ExitOffExists" classname="de.tomgrill.gdxtesting.AssetTests" time="0.001"/>
  <testcase name="PlayOffExists" classname="de.tomgrill.gdxtesting.AssetTests" time="0.001"/>
  <testcase name="TexturePackExists" classname="de.tomgrill.gdxtesting.AssetTests" time="0.001"/>
  <testcase name="TitleExists" classname="de.tomgrill.gdxtesting.AssetTests" time="0.001"/>
  <testcase name="HardOffExists" classname="de.tomgrill.gdxtesting.AssetTests" time="0.001"/>
  <testcase name="SoundExplosionExits" classname="de.tomgrill.gdxtesting.AssetTests" time="0.0"/>
  <system-out><![CDATA[]]></system-out>
  <system-err><![CDATA[]]></system-err>
</testsuite>
