<?xml version="1.0" encoding="UTF-8"?>
<testsuite name="de.tomgrill.gdxtesting.Sprites.PlayerTests" tests="6" skipped="0" failures="0" errors="0" timestamp="2021-02-08T19:05:50" hostname="Xie_Long_Wu" time="0.01">
  <properties/>
  <testcase name="deactivateTeleportAbilityTest" classname="de.tomgrill.gdxtesting.Sprites.PlayerTests" time="0.005"/>
  <testcase name="emptyTest" classname="de.tomgrill.gdxtesting.Sprites.PlayerTests" time="0.0"/>
  <testcase name="updatePositionTest" classname="de.tomgrill.gdxtesting.Sprites.PlayerTests" time="0.001"/>
  <testcase name="getHealthTest" classname="de.tomgrill.gdxtesting.Sprites.PlayerTests" time="0.001"/>
  <testcase name="setupAnimationsTest" classname="de.tomgrill.gdxtesting.Sprites.PlayerTests" time="0.001"/>
  <testcase name="getAbilitiesTest" classname="de.tomgrill.gdxtesting.Sprites.PlayerTests" time="0.001"/>
  <system-out><![CDATA[]]></system-out>
  <system-err><![CDATA[]]></system-err>
</testsuite>
