<?xml version="1.0" encoding="UTF-8"?>
<testsuite name="de.tomgrill.gdxtesting.Environment.SystemCheckerTest" tests="1" skipped="0" failures="0" errors="0" timestamp="2021-01-30T18:49:51" hostname="Lionel" time="0.003">
  <properties/>
  <testcase name="breakSystemTest" classname="de.tomgrill.gdxtesting.Environment.SystemCheckerTest" time="0.003"/>
  <system-out><![CDATA[[Systems broken] 1
[Systems broken] 2
[Systems broken] 3
[Systems broken] 4
[Systems broken] 5
[Systems broken] 6
[Systems broken] 7
[Systems broken] 8
[Systems broken] 9
[Systems broken] 10
[Systems broken] 11
[Systems broken] 12
[Systems broken] 13
[Systems broken] 14
[Systems broken] 15
[Systems broken] 16
]]></system-out>
  <system-err><![CDATA[]]></system-err>
</testsuite>
