<?xml version="1.0" encoding="UTF-8"?>
<testsuite name="de.tomgrill.gdxtesting.Sprites.InfiltratorTests" tests="4" skipped="0" failures="0" errors="0" timestamp="2021-02-08T19:05:49" hostname="Xie_Long_Wu" time="0.011">
  <properties/>
  <testcase name="emptyTest" classname="de.tomgrill.gdxtesting.Sprites.InfiltratorTests" time="0.0"/>
  <testcase name="disposeTest" classname="de.tomgrill.gdxtesting.Sprites.InfiltratorTests" time="0.007"/>
  <testcase name="beenCaughtTest" classname="de.tomgrill.gdxtesting.Sprites.InfiltratorTests" time="0.0"/>
  <testcase name="changeSkinTest" classname="de.tomgrill.gdxtesting.Sprites.InfiltratorTests" time="0.001"/>
  <system-out><![CDATA[]]></system-out>
  <system-err><![CDATA[]]></system-err>
</testsuite>
