<?xml version="1.0" encoding="UTF-8"?>
<testsuite name="de.tomgrill.gdxtesting.MainGameTests" tests="2" skipped="0" failures="0" errors="0" timestamp="2021-02-07T20:39:27" hostname="Xie_Long_Wu" time="0.016">
  <properties/>
  <testcase name="setAndGetLevelTest" classname="de.tomgrill.gdxtesting.MainGameTests" time="0.002"/>
  <testcase name="createTest" classname="de.tomgrill.gdxtesting.MainGameTests" time="0.0"/>
  <system-out><![CDATA[]]></system-out>
  <system-err><![CDATA[]]></system-err>
</testsuite>
