<?xml version="1.0" encoding="UTF-8"?>
<testsuite name="de.tomgrill.gdxtesting.Sprites.Animation.AnimatedDrawableTests" tests="1" skipped="0" failures="0" errors="0" timestamp="2021-02-07T20:39:28" hostname="Xie_Long_Wu" time="0.048">
  <properties/>
  <testcase name="emptyTest" classname="de.tomgrill.gdxtesting.Sprites.Animation.AnimatedDrawableTests" time="0.048"/>
  <system-out><![CDATA[]]></system-out>
  <system-err><![CDATA[]]></system-err>
</testsuite>
