<?xml version="1.0" encoding="UTF-8"?>
<testsuite name="de.tomgrill.gdxtesting.MainGameTest" tests="2" skipped="0" failures="0" errors="0" timestamp="2021-02-05T22:31:32" hostname="Xie_Long_Wu" time="0.017">
  <properties/>
  <testcase name="setLevelTest" classname="de.tomgrill.gdxtesting.MainGameTest" time="0.002"/>
  <testcase name="createTest" classname="de.tomgrill.gdxtesting.MainGameTest" time="0.0"/>
  <system-out><![CDATA[]]></system-out>
  <system-err><![CDATA[]]></system-err>
</testsuite>
