<?xml version="1.0" encoding="UTF-8"?>
<testsuite name="de.tomgrill.gdxtesting.MainGameTest" tests="1" skipped="0" failures="0" errors="0" timestamp="2021-02-03T19:39:19" hostname="Xie_Long_Wu" time="0.004">
  <properties/>
  <testcase name="createTest" classname="de.tomgrill.gdxtesting.MainGameTest" time="0.004"/>
  <system-out><![CDATA[]]></system-out>
  <system-err><![CDATA[]]></system-err>
</testsuite>
