<?xml version="1.0" encoding="UTF-8"?>
<testsuite name="de.tomgrill.gdxtesting.UI.Minimap.PointTests" tests="2" skipped="0" failures="0" errors="0" timestamp="2021-02-07T20:39:29" hostname="Xie_Long_Wu" time="0.004">
  <properties/>
  <testcase name="setPositionTest" classname="de.tomgrill.gdxtesting.UI.Minimap.PointTests" time="0.003"/>
  <testcase name="emptyTest" classname="de.tomgrill.gdxtesting.UI.Minimap.PointTests" time="0.0"/>
  <system-out><![CDATA[]]></system-out>
  <system-err><![CDATA[]]></system-err>
</testsuite>
