<?xml version="1.0" encoding="UTF-8"?>
<testsuite name="de.tomgrill.gdxtesting.Screens.LoseScreenTests" tests="2" skipped="0" failures="0" errors="0" timestamp="2021-02-05T19:58:21" hostname="Lionel" time="0.031">
  <properties/>
  <testcase name="emptyTest" classname="de.tomgrill.gdxtesting.Screens.LoseScreenTests" time="0.001"/>
  <testcase name="openTest" classname="de.tomgrill.gdxtesting.Screens.LoseScreenTests" time="0.029"/>
  <system-out><![CDATA[]]></system-out>
  <system-err><![CDATA[]]></system-err>
</testsuite>
