<?xml version="1.0" encoding="UTF-8"?>
<testsuite name="de.tomgrill.gdxtesting.Sprites.Pathfinding.NPCAIBehaviourTests" tests="5" skipped="0" failures="0" errors="0" timestamp="2021-02-07T20:39:28" hostname="Xie_Long_Wu" time="0.006">
  <properties/>
  <testcase name="activateAbilityTest" classname="de.tomgrill.gdxtesting.Sprites.Pathfinding.NPCAIBehaviourTests" time="0.002"/>
  <testcase name="emptyTest" classname="de.tomgrill.gdxtesting.Sprites.Pathfinding.NPCAIBehaviourTests" time="0.0"/>
  <testcase name="decreaseInfiltratorSpeedTest" classname="de.tomgrill.gdxtesting.Sprites.Pathfinding.NPCAIBehaviourTests" time="0.001"/>
  <testcase name="moveTest" classname="de.tomgrill.gdxtesting.Sprites.Pathfinding.NPCAIBehaviourTests" time="0.001"/>
  <testcase name="increaseInfiltratorSpeedTest" classname="de.tomgrill.gdxtesting.Sprites.Pathfinding.NPCAIBehaviourTests" time="0.001"/>
  <system-out><![CDATA[]]></system-out>
  <system-err><![CDATA[]]></system-err>
</testsuite>
