<?xml version="1.0" encoding="UTF-8"?>
<testsuite name="de.tomgrill.gdxtesting.Sprites.Pathfinding.LinkTest" tests="4" skipped="0" failures="0" errors="0" timestamp="2021-02-08T19:05:49" hostname="Xie_Long_Wu" time="0.048">
  <properties/>
  <testcase name="emptyTest" classname="de.tomgrill.gdxtesting.Sprites.Pathfinding.LinkTest" time="0.002"/>
  <testcase name="getFromNodeTest" classname="de.tomgrill.gdxtesting.Sprites.Pathfinding.LinkTest" time="0.0"/>
  <testcase name="getToNodeTest" classname="de.tomgrill.gdxtesting.Sprites.Pathfinding.LinkTest" time="0.0"/>
  <testcase name="getCostTest" classname="de.tomgrill.gdxtesting.Sprites.Pathfinding.LinkTest" time="0.0"/>
  <system-out><![CDATA[]]></system-out>
  <system-err><![CDATA[]]></system-err>
</testsuite>
