<?xml version="1.0" encoding="UTF-8"?>
<testsuite name="de.tomgrill.gdxtesting.Sprites.Animation.AnimatorTests" tests="3" skipped="0" failures="0" errors="0" timestamp="2021-02-06T00:07:18" hostname="Xie_Long_Wu" time="0.078">
  <properties/>
  <testcase name="emptyTest" classname="de.tomgrill.gdxtesting.Sprites.Animation.AnimatorTests" time="0.045"/>
  <testcase name="finishedTest" classname="de.tomgrill.gdxtesting.Sprites.Animation.AnimatorTests" time="0.0"/>
  <testcase name="isFlippedTest" classname="de.tomgrill.gdxtesting.Sprites.Animation.AnimatorTests" time="0.0"/>
  <system-out><![CDATA[]]></system-out>
  <system-err><![CDATA[]]></system-err>
</testsuite>
